<?xml version="1.0" encoding="UTF-8"?>
<coverage generated="1696136485141" clover="3.2.0">
  <project timestamp="1696136485141" name="All files">
    <metrics statements="10" coveredstatements="10" conditionals="0" coveredconditionals="0" methods="2" coveredmethods="2" elements="12" coveredelements="12" complexity="0" loc="10" ncloc="10" packages="2" files="2" classes="2"/>
    <package name="components">
      <metrics statements="7" coveredstatements="7" conditionals="0" coveredconditionals="0" methods="1" coveredmethods="1"/>
      <file name="Footer.vue" path="/Users/For_M/Documents/GitHub/Scrumptious/frontend/src/components/Footer.vue">
        <metrics statements="7" coveredstatements="7" conditionals="0" coveredconditionals="0" methods="1" coveredmethods="1"/>
        <line num="2" count="1" type="stmt"/>
        <line num="4" count="1" type="stmt"/>
        <line num="5" count="1" type="stmt"/>
        <line num="7" count="12" type="stmt"/>
        <line num="24" count="1" type="stmt"/>
        <line num="51" count="1" type="stmt"/>
        <line num="53" count="2" type="stmt"/>
      </file>
    </package>
    <package name="pages">
      <metrics statements="3" coveredstatements="3" conditionals="0" coveredconditionals="0" methods="1" coveredmethods="1"/>
      <file name="LandingPage.vue" path="/Users/For_M/Documents/GitHub/Scrumptious/frontend/src/pages/LandingPage.vue">
        <metrics statements="3" coveredstatements="3" conditionals="0" coveredconditionals="0" methods="1" coveredmethods="1"/>
        <line num="3" count="1" type="stmt"/>
        <line num="24" count="1" type="stmt"/>
        <line num="30" count="1" type="stmt"/>
      </file>
    </package>
  </project>
</coverage>
