{"/Users/For_M/Documents/GitHub/Scrumptious/frontend/src/components/Footer.vue": {"path":"/Users/For_M/Documents/GitHub/Scrumptious/frontend/src/components/Footer.vue","statementMap":{"0":{"start":{"line":51,"column":15},"end":{"line":57,"column":1}},"1":{"start":{"line":53,"column":4},"end":{"line":55,"column":null}},"2":{"start":{"line":2,"column":12},"end":{"line":2,"column":null}},"3":{"start":{"line":4,"column":6},"end":{"line":4,"column":31}},"4":{"start":{"line":5,"column":13},"end":{"line":5,"column":null}},"5":{"start":{"line":24,"column":6},"end":{"line":24,"column":null}},"6":{"start":{"line":7,"column":10},"end":{"line":14,"column":null}}},"fnMap":{"0":{"name":"(anonymous_0)","decl":{"start":{"line":52,"column":2},"end":{"line":52,"column":3}},"loc":{"start":{"line":52,"column":9},"end":{"line":56,"column":3}}}},"branchMap":{},"s":{"0":1,"1":2,"2":1,"3":1,"4":1,"5":1,"6":12},"f":{"0":2},"b":{}}
,"/Users/For_M/Documents/GitHub/Scrumptious/frontend/src/pages/LandingPage.vue": {"path":"/Users/For_M/Documents/GitHub/Scrumptious/frontend/src/pages/LandingPage.vue","statementMap":{"0":{"start":{"line":24,"column":15},"end":{"line":71,"column":1}},"1":{"start":{"line":30,"column":4},"end":{"line":69,"column":null}},"2":{"start":{"line":3,"column":4},"end":{"line":3,"column":29}}},"fnMap":{"0":{"name":"(anonymous_0)","decl":{"start":{"line":29,"column":2},"end":{"line":29,"column":3}},"loc":{"start":{"line":29,"column":9},"end":{"line":70,"column":3}}}},"branchMap":{},"s":{"0":1,"1":1,"2":1},"f":{"0":1},"b":{}}
}
